<?xml version="1.0" encoding="UTF-8"?>
<robot generator="Robot 3.1.1 (Python 3.7.3 on win32)" generated="20190331 16:51:58.348" rpa="false">
<suite id="s1" name="TC0003 Keyword With Arguments" source="C:\Users\Rohit\PycharmProjects\RobotFrameworkUIAutomation\TestCases\TC0003_Keyword_With_Arguments.robot">
<test id="s1-t1" name="Test Case having Keywords">
<kw name="Open Browser" library="SeleniumLibrary">
<doc>Opens a new browser instance to the given ``url``.</doc>
<arguments>
<arg>${URL}</arg>
<arg>${Browser}</arg>
</arguments>
<msg timestamp="20190331 16:51:58.585" level="INFO">Opening browser 'Chrome' to base url 'https://www.facebook.com/'.</msg>
<status status="PASS" starttime="20190331 16:51:58.585" endtime="20190331 16:52:03.248"></status>
</kw>
<kw name="Maximize Browser Window" library="SeleniumLibrary">
<doc>Maximizes current browser window.</doc>
<status status="PASS" starttime="20190331 16:52:03.252" endtime="20190331 16:52:04.784"></status>
</kw>
<kw name="Enter UserName Password and Mobile">
<arguments>
<arg>Rohit</arg>
<arg>test@123</arg>
<arg>7845121230</arg>
</arguments>
<kw name="Input Text" library="SeleniumLibrary">
<doc>Types the given ``text`` into text field identified by ``locator``.</doc>
<arguments>
<arg>name:email</arg>
<arg>${userName}</arg>
</arguments>
<msg timestamp="20190331 16:52:04.787" level="INFO">Typing text 'Rohit' into text field 'name:email'.</msg>
<status status="PASS" starttime="20190331 16:52:04.786" endtime="20190331 16:52:04.964"></status>
</kw>
<kw name="Input Text" library="SeleniumLibrary">
<doc>Types the given ``text`` into text field identified by ``locator``.</doc>
<arguments>
<arg>name:pass</arg>
<arg>${Password}</arg>
</arguments>
<msg timestamp="20190331 16:52:04.965" level="INFO">Typing text 'test@123' into text field 'name:pass'.</msg>
<status status="PASS" starttime="20190331 16:52:04.964" endtime="20190331 16:52:05.148"></status>
</kw>
<kw name="Input Text" library="SeleniumLibrary">
<doc>Types the given ``text`` into text field identified by ``locator``.</doc>
<arguments>
<arg>name:reg_email__</arg>
<arg>${Mobile}</arg>
</arguments>
<msg timestamp="20190331 16:52:05.148" level="INFO">Typing text '7845121230' into text field 'name:reg_email__'.</msg>
<status status="PASS" starttime="20190331 16:52:05.148" endtime="20190331 16:52:05.381"></status>
</kw>
<status status="PASS" starttime="20190331 16:52:04.785" endtime="20190331 16:52:05.382"></status>
</kw>
<status status="PASS" starttime="20190331 16:51:58.584" endtime="20190331 16:52:05.383" critical="yes"></status>
</test>
<status status="PASS" starttime="20190331 16:51:58.350" endtime="20190331 16:52:05.388"></status>
</suite>
<statistics>
<total>
<stat pass="1" fail="0">Critical Tests</stat>
<stat pass="1" fail="0">All Tests</stat>
</total>
<tag>
</tag>
<suite>
<stat pass="1" fail="0" id="s1" name="TC0003 Keyword With Arguments">TC0003 Keyword With Arguments</stat>
</suite>
</statistics>
<errors>
</errors>
</robot>
