<?xml version="1.0" encoding="UTF-8"?>
<robot generator="Robot 3.1.1 (Python 3.7.3 on win32)" generated="20190407 14:29:53.043" rpa="false">
<suite id="s1" name="TC0009 Function" source="C:\Users\Rohit\PycharmProjects\RobotFrameworkUIAutomation\TestCases\TC0009_Function.robot">
<test id="s1-t1" name="To Create Folder in D">
<kw name="Create Folder at Run time">
<arguments>
<arg>MyFolder</arg>
</arguments>
<kw name="Create Folder" library="UserKeywords">
<status status="PASS" starttime="20190407 14:29:53.083" endtime="20190407 14:29:53.105"></status>
</kw>
<kw name="Create Subfolder" library="UserKeywords">
<status status="PASS" starttime="20190407 14:29:53.105" endtime="20190407 14:29:53.107"></status>
</kw>
<kw name="Create Folder Name" library="UserKeywords">
<arguments>
<arg>${folderName}</arg>
</arguments>
<status status="PASS" starttime="20190407 14:29:53.107" endtime="20190407 14:29:53.109"></status>
</kw>
<kw name="Log" library="BuiltIn">
<doc>Logs the given message with the given level.</doc>
<arguments>
<arg>"Task Completed !!!"</arg>
</arguments>
<msg timestamp="20190407 14:29:53.111" level="INFO">"Task Completed !!!"</msg>
<status status="PASS" starttime="20190407 14:29:53.110" endtime="20190407 14:29:53.111"></status>
</kw>
<status status="PASS" starttime="20190407 14:29:53.083" endtime="20190407 14:29:53.112"></status>
</kw>
<kw name="Concatinate First Name and Last Name">
<arguments>
<arg>Rohit</arg>
<arg>Panwar</arg>
</arguments>
<kw name="Add Two String" library="UserKeywords">
<arguments>
<arg>${name}</arg>
<arg>${lastname}</arg>
</arguments>
<assign>
<var>${Full_Name}</var>
</assign>
<msg timestamp="20190407 14:29:53.118" level="INFO">${Full_Name} = Rohit Panwar</msg>
<status status="PASS" starttime="20190407 14:29:53.115" endtime="20190407 14:29:53.118"></status>
</kw>
<kw name="Log" library="BuiltIn">
<doc>Logs the given message with the given level.</doc>
<arguments>
<arg>${Full_Name}</arg>
</arguments>
<msg timestamp="20190407 14:29:53.120" level="INFO">Rohit Panwar</msg>
<status status="PASS" starttime="20190407 14:29:53.119" endtime="20190407 14:29:53.121"></status>
</kw>
<status status="PASS" starttime="20190407 14:29:53.113" endtime="20190407 14:29:53.122"></status>
</kw>
<status status="PASS" starttime="20190407 14:29:53.082" endtime="20190407 14:29:53.125" critical="yes"></status>
</test>
<status status="PASS" starttime="20190407 14:29:53.045" endtime="20190407 14:29:53.129"></status>
</suite>
<statistics>
<total>
<stat pass="1" fail="0">Critical Tests</stat>
<stat pass="1" fail="0">All Tests</stat>
</total>
<tag>
</tag>
<suite>
<stat pass="1" fail="0" id="s1" name="TC0009 Function">TC0009 Function</stat>
</suite>
</statistics>
<errors>
</errors>
</robot>
